U 200 200 green
P 0 131 26 0.1 10 green
P 1 172 20 0.1 10 yellow
P 2 94 93 0.3 30 null
P 3 102 24 0.6 60 null
P 4 136 38 0.4 40 null
P 5 92 85 0.9 90 null
P 6 108 83 0.2 20 null
P 7 139 32 0.4 40 null
P 8 127 25 0.3 30 null
P 9 88 84 0.7 70 null
P 10 41 132 0.2 20 null
P 11 162 28 0.5 50 null
P 12 159 39 0.3 30 null
P 13 124 44 0.9 90 null
P 14 69 174 0.1 10 blue
P 15 28 180 0.1 10 cyan
P 16 106 107 0.3 30 null
P 17 98 176 0.6 60 null
P 18 64 162 0.4 40 null
P 19 108 115 0.9 90 null
P 20 92 117 0.2 20 null
P 21 61 168 0.4 40 null
P 22 73 175 0.3 30 null
P 23 112 116 0.7 70 null
P 24 159 68 0.2 20 null
P 25 38 172 0.5 50 null
P 26 41 161 0.3 30 null
P 27 76 156 0.9 90 null
S
